c:\users\s5084458\desktop\assignment\assignment\assignment\debug\vc141.pdb
c:\users\s5084458\desktop\assignment\assignment\assignment\debug\vc141.idb
c:\users\s5084458\desktop\assignment\assignment\assignment\debug\random.obj
c:\users\s5084458\desktop\assignment\assignment\assignment\debug\mating.obj
c:\users\s5084458\desktop\assignment\assignment\assignment\debug\maze.obj
c:\users\s5084458\desktop\assignment\assignment\assignment\debug\main.obj
c:\users\s5084458\desktop\assignment\assignment\assignment\debug\fitness.obj
c:\users\s5084458\desktop\assignment\assignment\assignment\debug\explorer.obj
c:\users\s5084458\desktop\assignment\assignment\assignment\debug\chromosomes.obj
c:\users\s5084458\desktop\assignment\assignment\assignment\debug\astar.obj
c:\users\s5084458\desktop\assignment\assignment\debug\assignment.exe
c:\users\s5084458\desktop\assignment\assignment\debug\assignment.ilk
c:\users\s5084458\desktop\assignment\assignment\debug\assignment.pdb
c:\users\s5084458\desktop\assignment\assignment\assignment\debug\map.obj
c:\users\s5084458\desktop\assignment\assignment\assignment\debug\astar.obj.enc
c:\users\s5084458\desktop\assignment\assignment\assignment\debug\explorer.obj.enc
c:\users\s5084458\desktop\assignment\assignment\assignment\debug\main.obj.enc
c:\users\s5084458\desktop\assignment\assignment\assignment\debug\mating.obj.enc
c:\users\s5084458\desktop\assignment\assignment\assignment\debug\assignment.tlog\cl.command.1.tlog
c:\users\s5084458\desktop\assignment\assignment\assignment\debug\assignment.tlog\cl.read.1.tlog
c:\users\s5084458\desktop\assignment\assignment\assignment\debug\assignment.tlog\cl.write.1.tlog
c:\users\s5084458\desktop\assignment\assignment\assignment\debug\assignment.tlog\link.command.1.tlog
c:\users\s5084458\desktop\assignment\assignment\assignment\debug\assignment.tlog\link.read.1.tlog
c:\users\s5084458\desktop\assignment\assignment\assignment\debug\assignment.tlog\link.write.1.tlog
